<?xml version="1.0" encoding="UTF-8" ?>
<testsuite tests="6" failures="0" name="dao.UserDaoTest" time="1.842" errors="0" skipped="0">
  <properties>
[...]
</properties>
  <testcase classname="dao.UserDaoTest" name="testGetCustomerList" time="0.306"/>
  <testcase classname="dao.UserDaoTest" name="testGetProductTable" time="1.083"/>
  <testcase classname="dao.UserDaoTest" name="testFindProduct" time="0.338"/>
  <testcase classname="dao.UserDaoTest" name="testGetProvider" time="0.039"/>
  <testcase classname="dao.UserDaoTest" name="testGetWorkerList" time="0.035"/>
  <testcase classname="dao.UserDaoTest" name="testGetWorker" time="0.041"/>
</testsuite>